C51 COMPILER V6.22  LAB_2                                                                  05/31/2020 18:41:30 PAGE 1   


C51 COMPILER V6.22, COMPILATION OF MODULE LAB_2
OBJECT MODULE PLACED IN .\obj\Lab_2.obj
COMPILER INVOKED BY: C:\Program Files (x86)\Keil\C51\BIN\C51.EXE Lab_2.c BROWSE DEBUG OBJECTEXTEND SYMBOLS PRINT(.\List\
                    -Lab_2.lst) OBJECT(.\obj\Lab_2.obj) 

stmt level    source

   1          #include "ADuC842.h" // подключение заголовочного файла ADuC842.h
   2          #include "dallas.h"  // подключение заголовочного файла  dallas.h
   3          
   4          // ввод массива шестнадцатиричных кодов для 7- сегментного индикатора: 
   5          
   6          //отображаются {0, 1, 2... E, F}
   7          
   8          unsigned char digitP0[16] = {0xB7, 0x14, 0x73, 0x76,
   9          0xD4, 0xE6, 0xE7, 0x34,
  10          0xF7, 0xF6, 0xF5, 0xC7,
  11          0xA3, 0x57, 0xE3, 0xE1};
  12          
  13          unsigned char digitP2[16] = {0xD7, 0x11, 0xE3, 0x73,
  14          0x35, 0x76, 0xF6, 0x13, 
  15          0xF7, 0x77, 0xB7, 0xF4,
  16          0xC6, 0xF1, 0xE6, 0xA6};
  17           
  18          void main() { 
  19   1      char t; 
  20   1      P0 = P2 = 0;    
  21   1      while (1) 
  22   1      { 
  23   2      t = GetTemp();  
  24   2      P0 = digitP0[t/10];
  25   2      P2 = digitP2[t%10];     
  26   2      }
  27   1      }
C51 COMPILER V6.22  LAB_2                                                                  05/31/2020 18:41:30 PAGE 2   

NAME                                    CLASS   MSPACE  TYPE    OFFSET  SIZE
====                                    =====   ======  ====    ======  ====


P0 . . . . . . . . . . . . . . . . . .  SFR      DATA   U_CHAR   0080H  1
P2 . . . . . . . . . . . . . . . . . .  SFR      DATA   U_CHAR   00A0H  1
AC . . . . . . . . . . . . . . . . . .  ABSBIT   -----  BIT      00D6H  1
T0 . . . . . . . . . . . . . . . . . .  ABSBIT   -----  BIT      00B4H  1
T1 . . . . . . . . . . . . . . . . . .  ABSBIT   -----  BIT      00B5H  1
EA . . . . . . . . . . . . . . . . . .  ABSBIT   -----  BIT      00AFH  1
T2 . . . . . . . . . . . . . . . . . .  ABSBIT   -----  BIT      0090H  1
CAP2 . . . . . . . . . . . . . . . . .  ABSBIT   -----  BIT      00C8H  1
I2CI . . . . . . . . . . . . . . . . .  ABSBIT   -----  BIT      00E8H  1
D0EN . . . . . . . . . . . . . . . . .  ABSBIT   -----  BIT      00EBH  1
D1EN . . . . . . . . . . . . . . . . .  ABSBIT   -----  BIT      00EEH  1
SCONV. . . . . . . . . . . . . . . . .  ABSBIT   -----  BIT      00DCH  1
I2CM . . . . . . . . . . . . . . . . .  ABSBIT   -----  BIT      00EBH  1
EADC . . . . . . . . . . . . . . . . .  ABSBIT   -----  BIT      00AEH  1
P0_0 . . . . . . . . . . . . . . . . .  ABSBIT   -----  BIT      0080H  1
P1_0 . . . . . . . . . . . . . . . . .  ABSBIT   -----  BIT      0090H  1
P0_1 . . . . . . . . . . . . . . . . .  ABSBIT   -----  BIT      0081H  1
P2_0 . . . . . . . . . . . . . . . . .  ABSBIT   -----  BIT      00A0H  1
P1_1 . . . . . . . . . . . . . . . . .  ABSBIT   -----  BIT      0091H  1
P0_2 . . . . . . . . . . . . . . . . .  ABSBIT   -----  BIT      0082H  1
ADCI . . . . . . . . . . . . . . . . .  ABSBIT   -----  BIT      00DFH  1
P3_0 . . . . . . . . . . . . . . . . .  ABSBIT   -----  BIT      00B0H  1
P2_1 . . . . . . . . . . . . . . . . .  ABSBIT   -----  BIT      00A1H  1
P1_2 . . . . . . . . . . . . . . . . .  ABSBIT   -----  BIT      0092H  1
P0_3 . . . . . . . . . . . . . . . . .  ABSBIT   -----  BIT      0083H  1
P3_1 . . . . . . . . . . . . . . . . .  ABSBIT   -----  BIT      00B1H  1
P2_2 . . . . . . . . . . . . . . . . .  ABSBIT   -----  BIT      00A2H  1
P1_3 . . . . . . . . . . . . . . . . .  ABSBIT   -----  BIT      0093H  1
P0_4 . . . . . . . . . . . . . . . . .  ABSBIT   -----  BIT      0084H  1
digitP0. . . . . . . . . . . . . . . .  PUBLIC   DATA   ARRAY    0000H  16
DQ . . . . . . . . . . . . . . . . . .  ABSBIT   -----  BIT      00B3H  1
P3_2 . . . . . . . . . . . . . . . . .  ABSBIT   -----  BIT      00B2H  1
P2_3 . . . . . . . . . . . . . . . . .  ABSBIT   -----  BIT      00A3H  1
P1_4 . . . . . . . . . . . . . . . . .  ABSBIT   -----  BIT      0094H  1
P0_5 . . . . . . . . . . . . . . . . .  ABSBIT   -----  BIT      0085H  1
P3_3 . . . . . . . . . . . . . . . . .  ABSBIT   -----  BIT      00B3H  1
P2_4 . . . . . . . . . . . . . . . . .  ABSBIT   -----  BIT      00A4H  1
P1_5 . . . . . . . . . . . . . . . . .  ABSBIT   -----  BIT      0095H  1
P0_6 . . . . . . . . . . . . . . . . .  ABSBIT   -----  BIT      0086H  1
EXF2 . . . . . . . . . . . . . . . . .  ABSBIT   -----  BIT      00CEH  1
RD . . . . . . . . . . . . . . . . . .  ABSBIT   -----  BIT      00B7H  1
digitP2. . . . . . . . . . . . . . . .  PUBLIC   DATA   ARRAY    0010H  16
P3_4 . . . . . . . . . . . . . . . . .  ABSBIT   -----  BIT      00B4H  1
P2_5 . . . . . . . . . . . . . . . . .  ABSBIT   -----  BIT      00A5H  1
P1_6 . . . . . . . . . . . . . . . . .  ABSBIT   -----  BIT      0096H  1
P0_7 . . . . . . . . . . . . . . . . .  ABSBIT   -----  BIT      0087H  1
P3_5 . . . . . . . . . . . . . . . . .  ABSBIT   -----  BIT      00B5H  1
P2_6 . . . . . . . . . . . . . . . . .  ABSBIT   -----  BIT      00A6H  1
P1_7 . . . . . . . . . . . . . . . . .  ABSBIT   -----  BIT      0097H  1
CNT2 . . . . . . . . . . . . . . . . .  ABSBIT   -----  BIT      00C9H  1
PRE0 . . . . . . . . . . . . . . . . .  ABSBIT   -----  BIT      00C4H  1
ES . . . . . . . . . . . . . . . . . .  ABSBIT   -----  BIT      00ACH  1
P3_6 . . . . . . . . . . . . . . . . .  ABSBIT   -----  BIT      00B6H  1
P2_7 . . . . . . . . . . . . . . . . .  ABSBIT   -----  BIT      00A7H  1
PRE1 . . . . . . . . . . . . . . . . .  ABSBIT   -----  BIT      00C5H  1
PADC . . . . . . . . . . . . . . . . .  ABSBIT   -----  BIT      00BEH  1
P3_7 . . . . . . . . . . . . . . . . .  ABSBIT   -----  BIT      00B7H  1
C51 COMPILER V6.22  LAB_2                                                                  05/31/2020 18:41:30 PAGE 3   

NAME                                    CLASS   MSPACE  TYPE    OFFSET  SIZE
====                                    =====   ======  ====    ======  ====


PRE2 . . . . . . . . . . . . . . . . .  ABSBIT   -----  BIT      00C6H  1
PRE3 . . . . . . . . . . . . . . . . .  ABSBIT   -----  BIT      00C7H  1
RI . . . . . . . . . . . . . . . . . .  ABSBIT   -----  BIT      0098H  1
CY . . . . . . . . . . . . . . . . . .  ABSBIT   -----  BIT      00D7H  1
INT0 . . . . . . . . . . . . . . . . .  ABSBIT   -----  BIT      00B2H  1
CPHA . . . . . . . . . . . . . . . . .  ABSBIT   -----  BIT      00FAH  1
INT1 . . . . . . . . . . . . . . . . .  ABSBIT   -----  BIT      00B3H  1
TI . . . . . . . . . . . . . . . . . .  ABSBIT   -----  BIT      0099H  1
PS . . . . . . . . . . . . . . . . . .  ABSBIT   -----  BIT      00BCH  1
T2EX . . . . . . . . . . . . . . . . .  ABSBIT   -----  BIT      0091H  1
OV . . . . . . . . . . . . . . . . . .  ABSBIT   -----  BIT      00D2H  1
SPR0 . . . . . . . . . . . . . . . . .  ABSBIT   -----  BIT      00F8H  1
main . . . . . . . . . . . . . . . . .  PUBLIC   CODE   PROC     0000H  -----
  t. . . . . . . . . . . . . . . . . .  * REG *  DATA   CHAR     0007H  1
SPR1 . . . . . . . . . . . . . . . . .  ABSBIT   -----  BIT      00F9H  1
WR . . . . . . . . . . . . . . . . . .  ABSBIT   -----  BIT      00B6H  1
RCLK . . . . . . . . . . . . . . . . .  ABSBIT   -----  BIT      00CDH  1
CPOL . . . . . . . . . . . . . . . . .  ABSBIT   -----  BIT      00FBH  1
TCLK . . . . . . . . . . . . . . . . .  ABSBIT   -----  BIT      00CCH  1
WCOL . . . . . . . . . . . . . . . . .  ABSBIT   -----  BIT      00FEH  1
ISPI . . . . . . . . . . . . . . . . .  ABSBIT   -----  BIT      00FFH  1
WDIR . . . . . . . . . . . . . . . . .  ABSBIT   -----  BIT      00C3H  1
GetTemp. . . . . . . . . . . . . . . .  EXTERN   CODE   PROC     -----  -----
SPIM . . . . . . . . . . . . . . . . .  ABSBIT   -----  BIT      00FCH  1
IE0. . . . . . . . . . . . . . . . . .  ABSBIT   -----  BIT      0089H  1
IE1. . . . . . . . . . . . . . . . . .  ABSBIT   -----  BIT      008BH  1
WDWR . . . . . . . . . . . . . . . . .  ABSBIT   -----  BIT      00C0H  1
CS0. . . . . . . . . . . . . . . . . .  ABSBIT   -----  BIT      00D8H  1
CS1. . . . . . . . . . . . . . . . . .  ABSBIT   -----  BIT      00D9H  1
CS2. . . . . . . . . . . . . . . . . .  ABSBIT   -----  BIT      00DAH  1
CS3. . . . . . . . . . . . . . . . . .  ABSBIT   -----  BIT      00DBH  1
ET0. . . . . . . . . . . . . . . . . .  ABSBIT   -----  BIT      00A9H  1
ET1. . . . . . . . . . . . . . . . . .  ABSBIT   -----  BIT      00ABH  1
TF0. . . . . . . . . . . . . . . . . .  ABSBIT   -----  BIT      008DH  1
ET2. . . . . . . . . . . . . . . . . .  ABSBIT   -----  BIT      00ADH  1
TF1. . . . . . . . . . . . . . . . . .  ABSBIT   -----  BIT      008FH  1
TF2. . . . . . . . . . . . . . . . . .  ABSBIT   -----  BIT      00CFH  1
RB8. . . . . . . . . . . . . . . . . .  ABSBIT   -----  BIT      009AH  1
EX0. . . . . . . . . . . . . . . . . .  ABSBIT   -----  BIT      00A8H  1
IT0. . . . . . . . . . . . . . . . . .  ABSBIT   -----  BIT      0088H  1
EX1. . . . . . . . . . . . . . . . . .  ABSBIT   -----  BIT      00AAH  1
TB8. . . . . . . . . . . . . . . . . .  ABSBIT   -----  BIT      009BH  1
IT1. . . . . . . . . . . . . . . . . .  ABSBIT   -----  BIT      008AH  1
P. . . . . . . . . . . . . . . . . . .  ABSBIT   -----  BIT      00D0H  1
SM0. . . . . . . . . . . . . . . . . .  ABSBIT   -----  BIT      009FH  1
SM1. . . . . . . . . . . . . . . . . .  ABSBIT   -----  BIT      009EH  1
DMA. . . . . . . . . . . . . . . . . .  ABSBIT   -----  BIT      00DEH  1
SM2. . . . . . . . . . . . . . . . . .  ABSBIT   -----  BIT      009DH  1
PT0. . . . . . . . . . . . . . . . . .  ABSBIT   -----  BIT      00B9H  1
RS0. . . . . . . . . . . . . . . . . .  ABSBIT   -----  BIT      00D3H  1
PT1. . . . . . . . . . . . . . . . . .  ABSBIT   -----  BIT      00BBH  1
MDE. . . . . . . . . . . . . . . . . .  ABSBIT   -----  BIT      00EEH  1
RS1. . . . . . . . . . . . . . . . . .  ABSBIT   -----  BIT      00D4H  1
PT2. . . . . . . . . . . . . . . . . .  ABSBIT   -----  BIT      00BDH  1
TR0. . . . . . . . . . . . . . . . . .  ABSBIT   -----  BIT      008CH  1
TR1. . . . . . . . . . . . . . . . . .  ABSBIT   -----  BIT      008EH  1
TR2. . . . . . . . . . . . . . . . . .  ABSBIT   -----  BIT      00CAH  1
C51 COMPILER V6.22  LAB_2                                                                  05/31/2020 18:41:30 PAGE 4   

NAME                                    CLASS   MSPACE  TYPE    OFFSET  SIZE
====                                    =====   ======  ====    ======  ====


PX0. . . . . . . . . . . . . . . . . .  ABSBIT   -----  BIT      00B8H  1
PX1. . . . . . . . . . . . . . . . . .  ABSBIT   -----  BIT      00BAH  1
MDI. . . . . . . . . . . . . . . . . .  ABSBIT   -----  BIT      00ECH  1
MCO. . . . . . . . . . . . . . . . . .  ABSBIT   -----  BIT      00EDH  1
MDO. . . . . . . . . . . . . . . . . .  ABSBIT   -----  BIT      00EFH  1
WDE. . . . . . . . . . . . . . . . . .  ABSBIT   -----  BIT      00C1H  1
EXEN2. . . . . . . . . . . . . . . . .  ABSBIT   -----  BIT      00CBH  1
I2CRS. . . . . . . . . . . . . . . . .  ABSBIT   -----  BIT      00EAH  1
REN. . . . . . . . . . . . . . . . . .  ABSBIT   -----  BIT      009CH  1
SPE. . . . . . . . . . . . . . . . . .  ABSBIT   -----  BIT      00FDH  1
I2CTX. . . . . . . . . . . . . . . . .  ABSBIT   -----  BIT      00E9H  1
PSI. . . . . . . . . . . . . . . . . .  ABSBIT   -----  BIT      00BFH  1
WDS. . . . . . . . . . . . . . . . . .  ABSBIT   -----  BIT      00C2H  1
RXD. . . . . . . . . . . . . . . . . .  ABSBIT   -----  BIT      00B0H  1
TXD. . . . . . . . . . . . . . . . . .  ABSBIT   -----  BIT      00B1H  1
D0 . . . . . . . . . . . . . . . . . .  ABSBIT   -----  BIT      00EDH  1
D1 . . . . . . . . . . . . . . . . . .  ABSBIT   -----  BIT      00EFH  1
F0 . . . . . . . . . . . . . . . . . .  ABSBIT   -----  BIT      00D5H  1
F1 . . . . . . . . . . . . . . . . . .  ABSBIT   -----  BIT      00D1H  1
CCONV. . . . . . . . . . . . . . . . .  ABSBIT   -----  BIT      00DDH  1


MODULE INFORMATION:   STATIC OVERLAYABLE
   CODE SIZE        =     39    ----
   CONSTANT SIZE    =   ----    ----
   XDATA SIZE       =   ----    ----
   PDATA SIZE       =   ----    ----
   DATA SIZE        =     32    ----
   IDATA SIZE       =   ----    ----
   BIT SIZE         =   ----    ----
END OF MODULE INFORMATION.


C51 COMPILATION COMPLETE.  0 WARNING(S),  0 ERROR(S)
